 * Serving Flask app 'app'
 * Debug mode: on
[31m[1mWARNING: This is a development server. Do not use it in a production deployment. Use a production WSGI server instead.[0m
 * Running on all addresses (0.0.0.0)
 * Running on http://127.0.0.1:5000
 * Running on http://172.20.1.207:5000
[33mPress CTRL+C to quit[0m
 * Restarting with stat
 * Debugger is active!
 * Debugger PIN: 102-849-545
 * Detected change in '/var/www/cal.lueshub.com/CSC6302_Final/Backend/models/transaction.py', reloading
 * Restarting with stat
 * Debugger is active!
 * Debugger PIN: 102-849-545
127.0.0.1 - - [18/Aug/2025 23:31:23] "[33mPOST /api/auth/connect-database HTTP/1.1[0m" 404 -
127.0.0.1 - - [18/Aug/2025 23:31:23] "[31m[1mPOST /api/auth/login HTTP/1.1[0m" 401 -
 * Detected change in '/var/www/cal.lueshub.com/CSC6302_Final/Backend/test_jwt.py', reloading
 * Restarting with stat
 * Debugger is active!
 * Debugger PIN: 102-849-545
127.0.0.1 - - [18/Aug/2025 23:31:50] "[31m[1mPOST /api/database/connect HTTP/1.1[0m" 400 -
127.0.0.1 - - [18/Aug/2025 23:31:50] "[31m[1mPOST /api/auth/login HTTP/1.1[0m" 401 -
127.0.0.1 - - [18/Aug/2025 23:32:55] "[31m[1mPOST /api/database/connect HTTP/1.1[0m" 400 -
127.0.0.1 - - [18/Aug/2025 23:32:55] "GET /api/database/status HTTP/1.1" 200 -
127.0.0.1 - - [18/Aug/2025 23:32:55] "[31m[1mPOST /api/auth/login HTTP/1.1[0m" 401 -
 * Detected change in '/var/www/cal.lueshub.com/CSC6302_Final/Backend/routes/accounts.py', reloading
Database connection error: 2003: Can't connect to MySQL server on 'localhost:3306' (111 Connection refused)
Database connection error: 2003: Can't connect to MySQL server on 'localhost:3306' (111 Connection refused)
 * Restarting with stat
 * Debugger is active!
 * Debugger PIN: 102-849-545
 * Detected change in '/var/www/cal.lueshub.com/CSC6302_Final/Backend/routes/accounts.py', reloading
 * Restarting with stat
 * Debugger is active!
 * Debugger PIN: 102-849-545
 * Detected change in '/var/www/cal.lueshub.com/CSC6302_Final/Backend/routes/accounts.py', reloading
 * Restarting with stat
 * Debugger is active!
 * Debugger PIN: 102-849-545
 * Detected change in '/var/www/cal.lueshub.com/CSC6302_Final/Backend/routes/dashboard.py', reloading
 * Restarting with stat
 * Debugger is active!
 * Debugger PIN: 102-849-545
 * Detected change in '/var/www/cal.lueshub.com/CSC6302_Final/Backend/routes/budgets.py', reloading
 * Restarting with stat
 * Debugger is active!
 * Debugger PIN: 102-849-545
 * Detected change in '/var/www/cal.lueshub.com/CSC6302_Final/Backend/routes/goals.py', reloading
 * Restarting with stat
 * Debugger is active!
 * Debugger PIN: 102-849-545
 * Detected change in '/var/www/cal.lueshub.com/CSC6302_Final/Backend/routes/categories.py', reloading
 * Restarting with stat
 * Debugger is active!
 * Debugger PIN: 102-849-545
 * Detected change in '/var/www/cal.lueshub.com/CSC6302_Final/Backend/routes/transactions.py', reloading
 * Restarting with stat
 * Debugger is active!
 * Debugger PIN: 102-849-545
 * Detected change in '/var/www/cal.lueshub.com/CSC6302_Final/Backend/routes/users.py', reloading
 * Restarting with stat
 * Debugger is active!
 * Debugger PIN: 102-849-545
 * Detected change in '/var/www/cal.lueshub.com/CSC6302_Final/Backend/routes/dashboard.py', reloading
 * Restarting with stat
 * Debugger is active!
 * Debugger PIN: 102-849-545
 * Detected change in '/var/www/cal.lueshub.com/CSC6302_Final/Backend/routes/dashboard.py', reloading
 * Restarting with stat
 * Debugger is active!
 * Debugger PIN: 102-849-545
 * Detected change in '/var/www/cal.lueshub.com/CSC6302_Final/Backend/utils/decorators.py', reloading
 * Restarting with stat
 * Debugger is active!
 * Debugger PIN: 102-849-545
 * Detected change in '/var/www/cal.lueshub.com/CSC6302_Final/Backend/routes/accounts.py', reloading
 * Restarting with stat
 * Debugger is active!
 * Debugger PIN: 102-849-545
 * Detected change in '/var/www/cal.lueshub.com/CSC6302_Final/Backend/app.py', reloading
 * Restarting with stat
 * Debugger is active!
 * Debugger PIN: 102-849-545
